2022-05-16T17:09:46.967456+0800 INFO D:\work\py\FedPred\src
2022-05-25T16:49:40.036350+0800 INFO D:\work\py\FedPred\src
2022-05-26T15:04:14.377353+0800 INFO D:\work\py\FedPred\src
2022-05-30T21:48:25.065199+0800 INFO Sign checked.
2022-05-30T21:50:25.981858+0800 INFO Sign checked.
2022-05-30T21:50:36.150598+0800 INFO Sign checked.
2022-05-30T21:51:19.695137+0800 INFO Sign checked.
2022-05-30T21:51:19.696137+0800 INFO ffff
2022-05-30T21:51:44.011463+0800 INFO Sign checked.
2022-05-30T21:52:35.365028+0800 INFO Sign checked.
2022-05-30T21:53:48.584313+0800 INFO Sign checked.
2022-05-30T21:56:30.082053+0800 INFO Sign checked.
2022-05-30T21:57:15.394033+0800 INFO Sign checked.
2022-05-30T21:57:15.394033+0800 INFO <class 'bytes'>, b'909'
2022-05-30T21:58:20.592241+0800 INFO Sign checked.
2022-05-30T21:58:20.592241+0800 INFO <class 'bytes'>, b'336'
2022-05-30T21:58:22.329970+0800 INFO haha
2022-05-30T21:58:57.507667+0800 INFO Sign checked.
2022-05-30T21:59:44.762052+0800 INFO Sign checked.
2022-05-30T21:59:46.535889+0800 INFO Sym_box generated.
2022-05-30T22:03:45.295997+0800 INFO Sign checked.
2022-05-30T22:03:47.078515+0800 INFO Sym_box generated.
2022-05-30T22:03:48.883028+0800 INFO Sign checked.
2022-05-30T22:03:50.673072+0800 INFO Sym_box generated.
2022-05-30T22:25:21.153634+0800 INFO Sign checked.
2022-05-30T22:25:22.909307+0800 INFO Sym_box generated.
2022-05-30T22:25:24.680198+0800 INFO Sign checked.
2022-05-30T22:25:26.409775+0800 INFO Sym_box generated.
2022-05-30T22:27:05.098700+0800 INFO Sign checked.
2022-05-30T22:27:06.844263+0800 INFO Sym_box generated.
2022-05-30T22:27:08.583307+0800 INFO Sign checked.
2022-05-30T22:27:10.307418+0800 INFO Sym_box generated.
2022-05-30T22:27:12.027392+0800 INFO Received margins.
2022-05-30T22:27:31.514750+0800 INFO Sign checked.
2022-05-30T22:27:33.262809+0800 INFO Sym_box generated.
2022-05-30T22:27:35.008799+0800 INFO Sign checked.
2022-05-30T22:27:36.803671+0800 INFO Sym_box generated.
2022-05-30T22:27:38.564295+0800 INFO Received margins.
2022-05-30T22:27:38.565332+0800 INFO Received margins.
2022-05-30T22:27:38.566293+0800 INFO Received margins.
2022-05-30T22:28:35.677471+0800 INFO Sign checked.
2022-05-30T22:28:37.446231+0800 INFO Sym_box generated.
2022-05-30T22:28:39.228692+0800 INFO Sign checked.
2022-05-30T22:28:41.054746+0800 INFO Sym_box generated.
2022-05-30T22:28:42.804739+0800 INFO Sending margin to 2, ka: b'd4735e3a265e16eee03f59718b9b5d03019c07d8b6c51f90da3a666eec13ab35'
2022-05-30T22:28:42.805738+0800 INFO Received margins.
2022-05-30T22:28:42.805738+0800 INFO Sending margin to 2, ka: b'4e07408562bedb8b60ce05c1decfe3ad16b72230967de01f640b7e4729b49fce'
2022-05-30T22:28:42.806736+0800 INFO Received margins.
2022-05-30T22:28:42.806736+0800 INFO Sending margin to 1, ka: b'5feceb66ffc86f38d952786c6d696c79c2dbc239dd4e91b46729d73a27fb57e9'
2022-05-30T22:28:42.807736+0800 INFO Received margins.
